[debug] [2018-10-05T02:29:17.437Z] ----------------------------------------------------------------------
[debug] [2018-10-05T02:29:17.459Z] Command:       /home/caritodasilva/.nvm/versions/node/v10.10.0/bin/node /home/caritodasilva/.nvm/versions/node/v10.10.0/bin/firebase serve
[debug] [2018-10-05T02:29:17.461Z] CLI Version:   4.2.1
[debug] [2018-10-05T02:29:17.462Z] Platform:      linux
[debug] [2018-10-05T02:29:17.462Z] Node Version:  v10.10.0
[debug] [2018-10-05T02:29:25.587Z] Time:          Thu Oct 04 2018 22:29:17 GMT-0400 (GMT-04:00)
[debug] [2018-10-05T02:29:25.588Z] ----------------------------------------------------------------------
[debug] 
[debug] [2018-10-05T02:29:25.722Z] > command requires scopes: ["email","openid","https://www.googleapis.com/auth/cloudplatformprojects.readonly","https://www.googleapis.com/auth/firebase","https://www.googleapis.com/auth/cloud-platform"]
[debug] [2018-10-05T02:29:25.724Z] > authorizing via signed-in user
[debug] [2018-10-05T02:29:25.732Z] >>> HTTP REQUEST GET https://admin.firebase.com/v1/projects/bookme-78399  
 
[debug] [2018-10-05T02:29:27.590Z] <<< HTTP RESPONSE 200
[debug] [2018-10-05T02:29:27.595Z] >>> HTTP REQUEST GET https://cloudresourcemanager.googleapis.com/v1/projects/bookme-78399  
 
[debug] [2018-10-05T02:29:28.799Z] <<< HTTP RESPONSE 200
[info] 
[info] === Serving from '/mnt/c/Users/CaroyMitz/Documents/CosasDeMama/LABORATORIA/hackatonHere/bookMe'...
[info] 
[info] i  functions: Preparing to emulate functions.
[debug] [2018-10-05T02:29:48.363Z] Fetching environment
[debug] [2018-10-05T02:29:48.411Z] >>> HTTP REQUEST GET https://mobilesdk-pa.googleapis.com/v1/projects/383280310031:getServerAppConfig  
 
[debug] [2018-10-05T02:29:48.412Z] >>> HTTP REQUEST GET https://mobilesdk-pa.googleapis.com/v1/projects/383280310031/clients/_:getWebAppConfig  
 
[debug] [2018-10-05T02:29:48.862Z] <<< HTTP RESPONSE 200
[debug] [2018-10-05T02:29:48.896Z] Starting @google-cloud/functions-emulator
[debug] [2018-10-05T02:29:49.767Z] <<< HTTP RESPONSE 200
[info] i  hosting[bookme-78399]: Serving hosting files from: public
[info] ✔  hosting[bookme-78399]: Local server: http://localhost:5000
[debug] [2018-10-05T02:30:01.478Z] Parsing function triggers
[info] i  functions: No HTTPS functions found. Use firebase functions:shell if you would like to emulate other types of functions.
[debug] [2018-10-05T03:41:08.076Z] ----------------------------------------------------------------------
[debug] [2018-10-05T03:41:08.086Z] Command:       /home/caritodasilva/.nvm/versions/node/v10.10.0/bin/node /home/caritodasilva/.nvm/versions/node/v10.10.0/bin/firebase deploy
[debug] [2018-10-05T03:41:08.088Z] CLI Version:   4.2.1
[debug] [2018-10-05T03:41:08.088Z] Platform:      linux
[debug] [2018-10-05T03:41:08.088Z] Node Version:  v10.10.0
[debug] [2018-10-05T03:41:25.290Z] Time:          Thu Oct 04 2018 23:41:08 GMT-0400 (GMT-04:00)
[debug] [2018-10-05T03:41:25.290Z] ----------------------------------------------------------------------
[debug] 
[debug] [2018-10-05T03:41:25.448Z] > command requires scopes: ["email","openid","https://www.googleapis.com/auth/cloudplatformprojects.readonly","https://www.googleapis.com/auth/firebase","https://www.googleapis.com/auth/cloud-platform"]
[debug] [2018-10-05T03:41:25.449Z] > authorizing via signed-in user
[debug] [2018-10-05T03:41:25.459Z] > refreshing access token with scopes: ["email","https://www.googleapis.com/auth/cloud-platform","https://www.googleapis.com/auth/cloudplatformprojects.readonly","https://www.googleapis.com/auth/firebase","openid"]
[debug] [2018-10-05T03:41:25.461Z] >>> HTTP REQUEST POST https://www.googleapis.com/oauth2/v3/token  

[debug] [2018-10-05T03:41:26.552Z] <<< HTTP RESPONSE 200
[debug] [2018-10-05T03:41:26.782Z] >>> HTTP REQUEST GET https://admin.firebase.com/v1/projects/bookme-78399  
 
[debug] [2018-10-05T03:41:28.341Z] <<< HTTP RESPONSE 200
[info] 
[info] === Deploying to 'bookme-78399'...
[info] 
[info] i  deploying database, storage, firestore, functions, hosting
[info] Running command: npm --prefix "$RESOURCE_DIR" run lint
